<?xml version="1.0" encoding="utf-8"?>
<LinearLayout xmlns:android="http://schemas.android.com/apk/res/android"
    android:layout_width="match_parent"
    android:layout_height="match_parent"
    android:orientation="vertical"
    android:id="@+id/test_results_layout">
    <TextView
        android:layout_width="match_parent"
        android:layout_height="wrap_content"
        android:id="@+id/text_title"
        android:gravity="center"
        android:text="@string/test_results_title"
        android:textSize="30dip" />
   <ScrollView
       android:layout_width="match_parent"
       android:layout_height="match_parent">
       <LinearLayout
	    android:layout_width="match_parent"
	    android:layout_height="wrap_content"
	    android:orientation="horizontal"
	    android:gravity="center">
        <TextView
            android:layout_width="wrap_content"
			android:layout_height="wrap_content"
            android:id="@+id/testTitle"
			android:gravity="right"
			android:textSize="15dip" />
        <TextView
            android:layout_width="wrap_content"
			android:layout_height="wrap_content"
            android:id="@+id/testResult"
            android:layout_marginLeft="50dip"
			android:gravity="left" 
			android:textSize="15dip" />
        </LinearLayout>
	</ScrollView>
</LinearLayout>